# JRE version: OpenJDK Runtime Environment Temurin-17.0.10+7 (17.0.10+7) (build 17.0.10+7)
# Java VM: OpenJDK 64-Bit Server VM Temurin-17.0.10+7 (17.0.10+7, mixed mode, tiered, compressed oops, compressed class ptrs, g1 gc, windows-amd64)
GC Precious Log:
 CPUs: 16 total, 16 available
 Memory: 16125M
 Large Page Support: Disabled
 NUMA Support: Disabled
 Compressed Oops: Enabled (Zero based)
 Heap Region Size: 2M
 Heap Min Capacity: 8M
 Heap Initial Capacity: 252M
 Heap Max Capacity: 4032M
 Pre-touch: Disabled
 Parallel Workers: 13
 Concurrent Workers: 3
 Concurrent Refinement Workers: 13
 Periodic GC: Disabled
Heap:
 garbage-first heap   total 632832K, used 555469K [0x0000000704000000, 0x0000000800000000)
  region size 2048K, 2 young (4096K), 1 survivors (2048K)
 Metaspace       used 21279K, committed 21504K, reserved 1114112K
  class space    used 2239K, committed 2368K, reserved 1048576K
GC Heap History (20 events):
Event: 5.860 GC heap before
{Heap before GC invocations=11 (full 0):
 garbage-first heap   total 401408K, used 278973K [0x0000000704000000, 0x0000000800000000)
  region size 2048K, 3 young (6144K), 1 survivors (2048K)
 Metaspace       used 20704K, committed 20928K, reserved 1114112K
  class space    used 2187K, committed 2304K, reserved 1048576K
}
Event: 5.861 GC heap after
{Heap after GC invocations=12 (full 0):
 garbage-first heap   total 401408K, used 283355K [0x0000000704000000, 0x0000000800000000)
  region size 2048K, 3 young (6144K), 3 survivors (6144K)
 Metaspace       used 20704K, committed 20928K, reserved 1114112K
  class space    used 2187K, committed 2304K, reserved 1048576K
}
Event: 6.026 GC heap before
{Heap before GC invocations=13 (full 0):
 garbage-first heap   total 481280K, used 336603K [0x0000000704000000, 0x0000000800000000)
  region size 2048K, 22 young (45056K), 3 survivors (6144K)
 Metaspace       used 20738K, committed 20992K, reserved 1114112K
  class space    used 2187K, committed 2304K, reserved 1048576K
}
Event: 6.029 GC heap after
{Heap after GC invocations=14 (full 0):
 garbage-first heap   total 481280K, used 314256K [0x0000000704000000, 0x0000000800000000)
  region size 2048K, 3 young (6144K), 3 survivors (6144K)
 Metaspace       used 20738K, committed 20992K, reserved 1114112K
  class space    used 2187K, committed 2304K, reserved 1048576K
}
Event: 6.087 GC heap before
{Heap before GC invocations=14 (full 0):
 garbage-first heap   total 481280K, used 336784K [0x0000000704000000, 0x0000000800000000)
  region size 2048K, 11 young (22528K), 3 survivors (6144K)
 Metaspace       used 20740K, committed 20992K, reserved 1114112K
  class space    used 2187K, committed 2304K, reserved 1048576K
}
Event: 6.088 GC heap after
{Heap after GC invocations=15 (full 0):
 garbage-first heap   total 481280K, used 323360K [0x0000000704000000, 0x0000000800000000)
  region size 2048K, 2 young (4096K), 2 survivors (4096K)
 Metaspace       used 20740K, committed 20992K, reserved 1114112K
  class space    used 2187K, committed 2304K, reserved 1048576K
}
Event: 6.298 GC heap before
{Heap before GC invocations=15 (full 0):
 garbage-first heap   total 481280K, used 405280K [0x0000000704000000, 0x0000000800000000)
  region size 2048K, 31 young (63488K), 2 survivors (4096K)
 Metaspace       used 20853K, committed 21120K, reserved 1114112K
  class space    used 2187K, committed 2304K, reserved 1048576K
}
Event: 6.302 GC heap after
{Heap after GC invocations=16 (full 0):
 garbage-first heap   total 632832K, used 372512K [0x0000000704000000, 0x0000000800000000)
  region size 2048K, 4 young (8192K), 4 survivors (8192K)
 Metaspace       used 20853K, committed 21120K, reserved 1114112K
  class space    used 2187K, committed 2304K, reserved 1048576K
}
Event: 6.747 GC heap before
{Heap before GC invocations=17 (full 0):
 garbage-first heap   total 632832K, used 528160K [0x0000000704000000, 0x0000000800000000)
  region size 2048K, 58 young (118784K), 4 survivors (8192K)
 Metaspace       used 20867K, committed 21120K, reserved 1114112K
  class space    used 2191K, committed 2304K, reserved 1048576K
}
Event: 6.753 GC heap after
{Heap after GC invocations=18 (full 0):
 garbage-first heap   total 632832K, used 470812K [0x0000000704000000, 0x0000000800000000)
  region size 2048K, 8 young (16384K), 8 survivors (16384K)
 Metaspace       used 20867K, committed 21120K, reserved 1114112K
  class space    used 2191K, committed 2304K, reserved 1048576K
}
Event: 6.804 GC heap before
{Heap before GC invocations=18 (full 0):
 garbage-first heap   total 632832K, used 489244K [0x0000000704000000, 0x0000000800000000)
  region size 2048K, 15 young (30720K), 8 survivors (16384K)
 Metaspace       used 20868K, committed 21120K, reserved 1114112K
  class space    used 2191K, committed 2304K, reserved 1048576K
}
Event: 6.807 GC heap after
{Heap after GC invocations=19 (full 0):
 garbage-first heap   total 632832K, used 479004K [0x0000000704000000, 0x0000000800000000)
  region size 2048K, 2 young (4096K), 2 survivors (4096K)
 Metaspace       used 20868K, committed 21120K, reserved 1114112K
  class space    used 2191K, committed 2304K, reserved 1048576K
}
Event: 6.986 GC heap before
{Heap before GC invocations=19 (full 0):
 garbage-first heap   total 632832K, used 542492K [0x0000000704000000, 0x0000000800000000)
  region size 2048K, 25 young (51200K), 2 survivors (4096K)
 Metaspace       used 20971K, committed 21184K, reserved 1114112K
  class space    used 2220K, committed 2368K, reserved 1048576K
}
Event: 6.989 GC heap after
{Heap after GC invocations=20 (full 0):
 garbage-first heap   total 632832K, used 513824K [0x0000000704000000, 0x0000000800000000)
  region size 2048K, 4 young (8192K), 4 survivors (8192K)
 Metaspace       used 20971K, committed 21184K, reserved 1114112K
  class space    used 2220K, committed 2368K, reserved 1048576K
}
Event: 7.993 GC heap before
{Heap before GC invocations=20 (full 0):
 garbage-first heap   total 632832K, used 567072K [0x0000000704000000, 0x0000000800000000)
  region size 2048K, 17 young (34816K), 4 survivors (8192K)
 Metaspace       used 21261K, committed 21504K, reserved 1114112K
  class space    used 2237K, committed 2368K, reserved 1048576K
}
Event: 7.995 GC heap after
{Heap after GC invocations=21 (full 0):
 garbage-first heap   total 632832K, used 536975K [0x0000000704000000, 0x0000000800000000)
  region size 2048K, 2 young (4096K), 2 survivors (4096K)
 Metaspace       used 21261K, committed 21504K, reserved 1114112K
  class space    used 2237K, committed 2368K, reserved 1048576K
}
Event: 8.099 GC heap before
{Heap before GC invocations=21 (full 0):
 garbage-first heap   total 632832K, used 573839K [0x0000000704000000, 0x0000000800000000)
  region size 2048K, 15 young (30720K), 2 survivors (4096K)
 Metaspace       used 21263K, committed 21504K, reserved 1114112K
  class space    used 2237K, committed 2368K, reserved 1048576K
}
Event: 8.100 GC heap after
{Heap after GC invocations=22 (full 0):
 garbage-first heap   total 632832K, used 560924K [0x0000000704000000, 0x0000000800000000)
  region size 2048K, 2 young (4096K), 2 survivors (4096K)
 Metaspace       used 21263K, committed 21504K, reserved 1114112K
  class space    used 2237K, committed 2368K, reserved 1048576K
}
Event: 8.130 GC heap before
{Heap before GC invocations=22 (full 0):
 garbage-first heap   total 632832K, used 562972K [0x0000000704000000, 0x0000000800000000)
  region size 2048K, 5 young (10240K), 2 survivors (4096K)
 Metaspace       used 21279K, committed 21504K, reserved 1114112K
  class space    used 2239K, committed 2368K, reserved 1048576K
}
Event: 8.131 GC heap after
{Heap after GC invocations=23 (full 0):
 garbage-first heap   total 632832K, used 565709K [0x0000000704000000, 0x0000000800000000)
  region size 2048K, 1 young (2048K), 1 survivors (2048K)
 Metaspace       used 21279K, committed 21504K, reserved 1114112K
  class space    used 2239K, committed 2368K, reserved 1048576K
}

